<?xml version="1.0" encoding="UTF-8"?>
<!-- Generated by org.testng.reporters.JUnitReportReporter -->
<testsuite skipped="0" hostname="hp" name="com.ssi.Config" tests="1" failures="0" timestamp="27 Sep 2019 05:43:13 GMT" time="0.047" errors="0">
  <testcase name="getData" time="0.047" classname="com.ssi.Config"/>
</testsuite> <!-- com.ssi.Config -->
