<?xml version="1.0" encoding="UTF-8"?>
<!-- Generated by org.testng.reporters.JUnitReportReporter -->
<testsuite skipped="2" hostname="hp" name="com.ssi.TestClass" tests="3" failures="0" timestamp="27 Sep 2019 05:07:39 GMT" time="0.060" errors="0">
  <testcase name="C" time="0.060" classname="com.ssi.TestClass"/>
  <testcase name="A" classname="com.ssi.TestClass">
    <skipped/>
  </testcase> <!-- A -->
  <testcase name="B" classname="com.ssi.TestClass">
    <skipped/>
  </testcase> <!-- B -->
</testsuite> <!-- com.ssi.TestClass -->
