<?xml version="1.0" encoding="UTF-8"?>
<!-- Generated by org.testng.reporters.JUnitReportReporter -->
<testsuite skipped="0" hostname="hp" name="com.ssi.FlipkartTest" tests="3" failures="0" timestamp="26 Sep 2019 09:55:11 GMT" time="0.062" errors="0">
  <testcase name="f" time="0.016" classname="com.ssi.FlipkartTest"/>
  <testcase name="b" time="0.015" classname="com.ssi.FlipkartTest"/>
  <testcase name="a" time="0.031" classname="com.ssi.FlipkartTest"/>
</testsuite> <!-- com.ssi.FlipkartTest -->
